2019-06-11 21:55:32.622 ERROR 1454 --- [main] o.s.b.c.l.LoggingApplicationListener     : Cannot set level: WARNING for 'null'
2019-06-11 21:55:32.652 ERROR 1454 --- [main] o.s.b.c.l.LoggingApplicationListener     : Cannot set level: WARNING for 'lavalink'
2019-06-11 21:55:32.861  INFO 1454 --- [main] lavalink.server.Launcher                 : 

[32m       .  [31m _                  _ _       _    [32m__ _ _
[32m      /\\ [31m| | __ ___   ____ _| (_)_ __ | | __[32m\ \ \ \
[32m     ( ( )[31m| |/ _` \ \ / / _` | | | '_ \| |/ /[32m \ \ \ \
[32m      \\/ [31m| | (_| |\ V / (_| | | | | | |   < [32m  ) ) ) )
[32m       '  [31m|_|\__,_| \_/ \__,_|_|_|_| |_|_|\_\[32m / / / /
[0m    =========================================[32m/_/_/_/[0m

	Version:        3.2.1
	Build:          799
	Build time:     08.06.2019 21:22:17 CEST
	Branch          master
	Commit:         18ee677
	Commit time:    08.06.2019 21:19:57 CEST
	JVM:            1.8.0_212
	Lavaplayer      1.3.17

2019-06-11 21:55:35.993  INFO 1454 --- [main] lavalink.server.Launcher                 : Starting Launcher on archh with PID 1454 (/home/papryka/Dokumenty/js/izpiz2/Lavalink.jar started by papryka in /home/papryka/Dokumenty/js/izpiz2)
2019-06-11 21:55:35.995  INFO 1454 --- [main] lavalink.server.Launcher                 : No active profile set, falling back to default profiles: default
2019-06-11 21:55:36.991  INFO 1454 --- [main] ConfigServletWebServerApplicationContext : Refreshing org.springframework.boot.web.servlet.context.AnnotationConfigServletWebServerApplicationContext@e580929: startup date [Tue Jun 11 21:55:36 CEST 2019]; root of context hierarchy
2019-06-11 21:55:37.583  WARN 1454 --- [background-preinit] o.s.h.c.j.Jackson2ObjectMapperBuilder    : For Jackson Kotlin classes support please add "com.fasterxml.jackson.module:jackson-module-kotlin" to the classpath
2019-06-11 21:55:44.896  INFO 1454 --- [main] org.xnio                                 : XNIO version 3.3.8.Final
2019-06-11 21:55:45.057  INFO 1454 --- [main] org.xnio.nio                             : XNIO NIO Implementation Version 3.3.8.Final
2019-06-11 21:55:45.394  WARN 1454 --- [main] io.undertow.websockets.jsr               : UT026009: XNIO worker was not set on WebSocketDeploymentInfo, the default worker will be used
2019-06-11 21:55:45.395  WARN 1454 --- [main] io.undertow.websockets.jsr               : UT026010: Buffer pool was not set on WebSocketDeploymentInfo, the default pool will be used
2019-06-11 21:55:45.637  INFO 1454 --- [main] io.undertow.servlet                      : Initializing Spring embedded WebApplicationContext
2019-06-11 21:55:45.638  INFO 1454 --- [main] o.s.web.context.ContextLoader            : Root WebApplicationContext: initialization completed in 8647 ms
2019-06-11 21:55:45.898  INFO 1454 --- [main] o.s.b.w.servlet.ServletRegistrationBean  : Servlet dispatcherServlet mapped to [/]
2019-06-11 21:55:45.958  INFO 1454 --- [main] o.s.b.w.servlet.FilterRegistrationBean   : Mapping filter: 'characterEncodingFilter' to: [/*]
2019-06-11 21:55:45.960  INFO 1454 --- [main] o.s.b.w.servlet.FilterRegistrationBean   : Mapping filter: 'hiddenHttpMethodFilter' to: [/*]
2019-06-11 21:55:45.960  INFO 1454 --- [main] o.s.b.w.servlet.FilterRegistrationBean   : Mapping filter: 'httpPutFormContentFilter' to: [/*]
2019-06-11 21:55:45.960  INFO 1454 --- [main] o.s.b.w.servlet.FilterRegistrationBean   : Mapping filter: 'requestContextFilter' to: [/*]
2019-06-11 21:55:45.961  INFO 1454 --- [main] o.s.b.w.servlet.FilterRegistrationBean   : Mapping filter: 'responseHeaderFilter' to: [/*]
2019-06-11 21:55:46.327  WARN 1454 --- [main] l.server.config.SentryConfiguration      : Turning off sentry
2019-06-11 21:55:46.399  INFO 1454 --- [main] l.s.c.AudioSendFactoryConfiguration      : OS: Linux, Arch: amd64
2019-06-11 21:55:46.402  INFO 1454 --- [main] l.s.c.AudioSendFactoryConfiguration      : JDA-NAS supported system detected. Enabled native audio sending.
2019-06-11 21:55:46.403  INFO 1454 --- [main] l.s.c.AudioSendFactoryConfiguration      : Setting buffer to 400ms
2019-06-11 21:55:46.403  INFO 1454 --- [main] l.s.c.AudioSendFactoryConfiguration      : Setting playlist load limit to 1
2019-06-11 21:55:51.698  INFO 1454 --- [main] c.s.d.l.tools.GarbageCollectionMonitor   : GC monitoring enabled, reporting results every 2 minutes.
2019-06-11 21:55:52.321  INFO 1454 --- [main] o.s.w.s.s.s.WebSocketHandlerMapping      : Root mapping to handler of type [class org.springframework.web.socket.server.support.WebSocketHttpRequestHandler]
2019-06-11 21:55:52.790  INFO 1454 --- [main] o.s.w.s.handler.SimpleUrlHandlerMapping  : Mapped URL path [/**/favicon.ico] onto handler of type [class org.springframework.web.servlet.resource.ResourceHttpRequestHandler]
2019-06-11 21:55:54.903  INFO 1454 --- [main] s.w.s.m.m.a.RequestMappingHandlerAdapter : Looking for @ControllerAdvice: org.springframework.boot.web.servlet.context.AnnotationConfigServletWebServerApplicationContext@e580929: startup date [Tue Jun 11 21:55:36 CEST 2019]; root of context hierarchy
2019-06-11 21:55:55.122  INFO 1454 --- [main] s.w.s.m.m.a.RequestMappingHandlerMapping : Mapped "{[/loadtracks],methods=[GET],produces=[application/json]}" onto public java.util.concurrent.CompletionStage<org.springframework.http.ResponseEntity<java.lang.String>> lavalink.server.player.AudioLoaderRestHandler.getLoadTracks(javax.servlet.http.HttpServletRequest,java.lang.String)
2019-06-11 21:55:55.126  INFO 1454 --- [main] s.w.s.m.m.a.RequestMappingHandlerMapping : Mapped "{[/decodetrack],methods=[GET],produces=[application/json]}" onto public org.springframework.http.ResponseEntity<java.lang.String> lavalink.server.player.AudioLoaderRestHandler.getDecodeTrack(javax.servlet.http.HttpServletRequest,java.lang.String) throws java.io.IOException
2019-06-11 21:55:55.130  INFO 1454 --- [main] s.w.s.m.m.a.RequestMappingHandlerMapping : Mapped "{[/decodetracks],methods=[POST],consumes=[application/json],produces=[application/json]}" onto public org.springframework.http.ResponseEntity<java.lang.String> lavalink.server.player.AudioLoaderRestHandler.postDecodeTracks(javax.servlet.http.HttpServletRequest,java.lang.String) throws java.io.IOException
2019-06-11 21:55:55.134  INFO 1454 --- [main] s.w.s.m.m.a.RequestMappingHandlerMapping : Mapped "{[/version],methods=[GET]}" onto public java.lang.String lavalink.server.info.InfoRestHandler.version()
2019-06-11 21:55:55.145  INFO 1454 --- [main] s.w.s.m.m.a.RequestMappingHandlerMapping : Mapped "{[/error],produces=[text/html]}" onto public org.springframework.web.servlet.ModelAndView org.springframework.boot.autoconfigure.web.servlet.error.BasicErrorController.errorHtml(javax.servlet.http.HttpServletRequest,javax.servlet.http.HttpServletResponse)
2019-06-11 21:55:55.155  INFO 1454 --- [main] s.w.s.m.m.a.RequestMappingHandlerMapping : Mapped "{[/error]}" onto public org.springframework.http.ResponseEntity<java.util.Map<java.lang.String, java.lang.Object>> org.springframework.boot.autoconfigure.web.servlet.error.BasicErrorController.error(javax.servlet.http.HttpServletRequest)
2019-06-11 21:55:55.234  INFO 1454 --- [main] o.s.w.s.handler.SimpleUrlHandlerMapping  : Mapped URL path [/webjars/**] onto handler of type [class org.springframework.web.servlet.resource.ResourceHttpRequestHandler]
2019-06-11 21:55:55.234  INFO 1454 --- [main] o.s.w.s.handler.SimpleUrlHandlerMapping  : Mapped URL path [/**] onto handler of type [class org.springframework.web.servlet.resource.ResourceHttpRequestHandler]
2019-06-11 21:55:56.115  INFO 1454 --- [main] o.s.j.e.a.AnnotationMBeanExporter        : Registering beans for JMX exposure on startup
2019-06-11 21:55:56.168  INFO 1454 --- [main] o.s.c.support.DefaultLifecycleProcessor  : Starting beans in phase 2147483647
2019-06-11 21:55:56.783  INFO 1454 --- [main] o.s.b.w.e.u.UndertowServletWebServer     : Undertow started on port(s) 2333 (http) with context path ''
2019-06-11 21:55:56.801  INFO 1454 --- [main] lavalink.server.Launcher                 : Started Launcher in 29.023 seconds (JVM running for 34.773)
2019-06-11 21:56:37.566  INFO 1454 --- [XNIO-2 task-1] io.undertow.servlet                      : Initializing Spring FrameworkServlet 'dispatcherServlet'
2019-06-11 21:56:37.567  INFO 1454 --- [XNIO-2 task-1] o.s.web.servlet.DispatcherServlet        : FrameworkServlet 'dispatcherServlet': initialization started
2019-06-11 21:56:37.586  INFO 1454 --- [XNIO-2 task-1] o.s.web.servlet.DispatcherServlet        : FrameworkServlet 'dispatcherServlet': initialization completed in 18 ms
2019-06-11 21:56:37.637  INFO 1454 --- [XNIO-2 task-1] l.server.io.HandshakeInterceptorImpl     : Incoming connection from /127.0.0.1:36148
2019-06-11 21:56:37.753  INFO 1454 --- [XNIO-2 task-1] c.s.d.l.tools.GarbageCollectionMonitor   : GC monitoring enabled, reporting results every 2 minutes.
2019-06-11 21:56:37.918  INFO 1454 --- [XNIO-2 task-1] lavalink.server.io.SocketServer          : Connection successfully established from /127.0.0.1:36148
2019-06-11 21:59:01.543  INFO 1454 --- [XNIO-2 task-2] l.server.player.AudioLoaderRestHandler   : GET /loadtracks
2019-06-11 21:59:03.244  INFO 1454 --- [lava-daemon-pool-info-loader-2-thread-1] c.s.l.c.natives.NativeLibraryLoader      : Native library libmpg123-0: loading with filter com.sedmelluq.discord.lavaplayer.natives.ConnectorNativeLibLoader$$Lambda$438/5158139@2fd06dc
2019-06-11 21:59:03.249  INFO 1454 --- [lava-daemon-pool-info-loader-2-thread-1] c.s.l.c.natives.NativeLibraryLoader      : Native library connector: loading with filter null
2019-06-11 21:59:03.285  INFO 1454 --- [lava-daemon-pool-info-loader-2-thread-1] c.s.l.c.natives.NativeLibraryLoader      : Native library connector: successfully loaded.
2019-06-11 21:59:03.290  INFO 1454 --- [lava-daemon-pool-info-loader-2-thread-1] lavalink.server.player.AudioLoader       : Loaded track Unspecified description
2019-06-11 21:59:03.341  INFO 1454 --- [XNIO-2 I/O-4] lavalink.server.io.SocketServer          : {"op":"play","guildId":"571062240279789611","track":"QAAAhgIAF1Vuc3BlY2lmaWVkIGRlc2NyaXB0aW9uAAlSTUYgTWF4eHh//////////wAgaHR0cDovLzE5NS4xNTAuMjAuNzo4MC9ybWZfbWF4eHgBAQAgaHR0cDovLzE5NS4xNTAuMjAuNzo4MC9ybWZfbWF4eHgABGh0dHAAA21wMwAAAAAAAAAA"}
2019-06-11 21:59:03.560  INFO 1454 --- [XNIO-2 I/O-4] lavalink.server.io.SocketServer          : {"op":"voiceUpdate","guildId":"571062240279789611","sessionId":"9773c3cbd7758d4c269c6c43b1c1a94a","event":{"token":"f5e4275be7c2e5df","guild_id":"571062240279789611","endpoint":"eu-central340.discord.gg:80"}}
2019-06-11 21:59:35.833  INFO 1454 --- [XNIO-2 I/O-4] lavalink.server.io.SocketServer          : Connection closed from /127.0.0.1:36148 -- CloseStatus[code=1006, reason=]
2019-06-11 21:59:35.833  INFO 1454 --- [XNIO-2 I/O-4] lavalink.server.io.SocketContext         : Shutting down 1 playing players.
2019-06-11 21:59:35.837  INFO 1454 --- [XNIO-2 I/O-4] c.s.d.l.tools.GarbageCollectionMonitor   : GC monitoring disabled.
2019-06-11 21:59:35.844  WARN 1454 --- [lava-daemon-pool-playback-5-thread-1] c.s.d.l.t.p.LocalAudioTrackExecutor      : Suspicious exception for playback of http://195.150.20.7:80/rmf_maxxx

com.sedmelluq.discord.lavaplayer.tools.FriendlyException: The track was unexpectedly terminated.
	at com.sedmelluq.discord.lavaplayer.track.playback.LocalAudioTrackExecutor.handlePlaybackInterrupt(LocalAudioTrackExecutor.java:323) ~[lavaplayer-1.3.17.jar!/:na]
	at com.sedmelluq.discord.lavaplayer.track.playback.LocalAudioTrackExecutor.executeProcessingLoop(LocalAudioTrackExecutor.java:267) ~[lavaplayer-1.3.17.jar!/:na]
	at com.sedmelluq.discord.lavaplayer.container.mp3.Mp3AudioTrack.process(Mp3AudioTrack.java:36) ~[lavaplayer-1.3.17.jar!/:na]
	at com.sedmelluq.discord.lavaplayer.track.DelegatedAudioTrack.processDelegate(DelegatedAudioTrack.java:27) ~[lavaplayer-1.3.17.jar!/:na]
	at com.sedmelluq.discord.lavaplayer.source.http.HttpAudioTrack.process(HttpAudioTrack.java:53) ~[lavaplayer-1.3.17.jar!/:na]
	at com.sedmelluq.discord.lavaplayer.track.playback.LocalAudioTrackExecutor.execute(LocalAudioTrackExecutor.java:90) ~[lavaplayer-1.3.17.jar!/:na]
	at com.sedmelluq.discord.lavaplayer.player.DefaultAudioPlayerManager.lambda$executeTrack$1(DefaultAudioPlayerManager.java:349) [lavaplayer-1.3.17.jar!/:na]
	at java.util.concurrent.ThreadPoolExecutor.runWorker(ThreadPoolExecutor.java:1149) ~[na:1.8.0_212]
	at java.util.concurrent.ThreadPoolExecutor$Worker.run(ThreadPoolExecutor.java:624) ~[na:1.8.0_212]
	at java.lang.Thread.run(Thread.java:748) ~[na:1.8.0_212]
Caused by: java.lang.InterruptedException: null
	at java.util.concurrent.locks.AbstractQueuedSynchronizer$ConditionObject.reportInterruptAfterWait(AbstractQueuedSynchronizer.java:2014) ~[na:1.8.0_212]
	at java.util.concurrent.locks.AbstractQueuedSynchronizer$ConditionObject.await(AbstractQueuedSynchronizer.java:2048) ~[na:1.8.0_212]
	at java.util.concurrent.ArrayBlockingQueue.put(ArrayBlockingQueue.java:353) ~[na:1.8.0_212]
	at com.sedmelluq.discord.lavaplayer.track.playback.AllocatingAudioFrameBuffer.consume(AllocatingAudioFrameBuffer.java:179) ~[lavaplayer-1.3.17.jar!/:na]
	at com.sedmelluq.discord.lavaplayer.filter.BufferingPostProcessor.process(BufferingPostProcessor.java:41) ~[lavaplayer-1.3.17.jar!/:na]
	at com.sedmelluq.discord.lavaplayer.filter.FinalPcmAudioFilter.dispatch(FinalPcmAudioFilter.java:158) ~[lavaplayer-1.3.17.jar!/:na]
	at com.sedmelluq.discord.lavaplayer.filter.FinalPcmAudioFilter.process(FinalPcmAudioFilter.java:147) ~[lavaplayer-1.3.17.jar!/:na]
	at com.sedmelluq.discord.lavaplayer.filter.UserProvidedAudioFilters.process(UserProvidedAudioFilters.java:65) ~[lavaplayer-1.3.17.jar!/:na]
	at com.sedmelluq.discord.lavaplayer.filter.ResamplingPcmAudioFilter.process(ResamplingPcmAudioFilter.java:69) ~[lavaplayer-1.3.17.jar!/:na]
	at com.sedmelluq.discord.lavaplayer.filter.converter.ToFloatAudioFilter.process(ToFloatAudioFilter.java:66) ~[lavaplayer-1.3.17.jar!/:na]
	at com.sedmelluq.discord.lavaplayer.filter.AudioPipeline.process(AudioPipeline.java:33) ~[lavaplayer-1.3.17.jar!/:na]
	at com.sedmelluq.discord.lavaplayer.container.mp3.Mp3TrackProvider.provideFrames(Mp3TrackProvider.java:132) ~[lavaplayer-1.3.17.jar!/:na]
	at com.sedmelluq.discord.lavaplayer.track.playback.LocalAudioTrackExecutor.executeProcessingLoop(LocalAudioTrackExecutor.java:257) ~[lavaplayer-1.3.17.jar!/:na]
	... 8 common frames omitted

2019-06-11 21:59:49.475  INFO 1454 --- [XNIO-2 task-4] l.server.io.HandshakeInterceptorImpl     : Incoming connection from /127.0.0.1:36254
2019-06-11 21:59:49.481  INFO 1454 --- [XNIO-2 task-4] c.s.d.l.tools.GarbageCollectionMonitor   : GC monitoring enabled, reporting results every 2 minutes.
2019-06-11 21:59:49.488  INFO 1454 --- [XNIO-2 task-4] lavalink.server.io.SocketServer          : Connection successfully established from /127.0.0.1:36254
2019-06-11 21:59:54.574  INFO 1454 --- [XNIO-2 task-5] l.server.player.AudioLoaderRestHandler   : GET /loadtracks
2019-06-11 21:59:56.007  INFO 1454 --- [lava-daemon-pool-info-loader-2-thread-1] lavalink.server.player.AudioLoader       : Loaded track 
2019-06-11 21:59:56.028  INFO 1454 --- [XNIO-2 I/O-2] lavalink.server.io.SocketServer          : {"op":"play","guildId":"571062240279789611","track":"QAAAiAIAAAAAf/////////8AMWh0dHA6Ly8yMDA0My5saXZlLnN0cmVhbXRoZXdvcmxkLmNvbS9NQVhJTUFGTS5tcDMBAQAxaHR0cDovLzIwMDQzLmxpdmUuc3RyZWFtdGhld29ybGQuY29tL01BWElNQUZNLm1wMwAEaHR0cAADbXAzAAAAAAAAAAA="}
2019-06-11 21:59:56.266  INFO 1454 --- [XNIO-2 I/O-2] lavalink.server.io.SocketServer          : {"op":"voiceUpdate","guildId":"571062240279789611","sessionId":"50b8e870f849613bf3c713c64b7f44d2","event":{"token":"f5e4275be7c2e5df","guild_id":"571062240279789611","endpoint":"eu-central340.discord.gg:80"}}
2019-06-11 22:00:03.030  INFO 1454 --- [XNIO-2 I/O-2] lavalink.server.io.SocketServer          : {"op":"stop","guildId":"571062240279789611"}
2019-06-11 22:00:03.039  INFO 1454 --- [XNIO-2 I/O-2] lavalink.server.io.SocketServer          : {"op":"destroy","guildId":"571062240279789611"}
2019-06-11 22:00:07.050  INFO 1454 --- [XNIO-2 task-7] l.server.player.AudioLoaderRestHandler   : GET /loadtracks
2019-06-11 22:00:08.385  INFO 1454 --- [lava-daemon-pool-info-loader-2-thread-1] lavalink.server.player.AudioLoader       : Loaded track Unspecified description
2019-06-11 22:00:08.396  INFO 1454 --- [XNIO-2 I/O-2] lavalink.server.io.SocketServer          : {"op":"play","guildId":"571062240279789611","track":"QAAAfQIAF1Vuc3BlY2lmaWVkIGRlc2NyaXB0aW9uAAZSTUYgRk1//////////wAdaHR0cDovLzE5NS4xNTAuMjAuODo4MC9ybWZfZm0BAQAdaHR0cDovLzE5NS4xNTAuMjAuODo4MC9ybWZfZm0ABGh0dHAAA21wMwAAAAAAAAAA"}
2019-06-11 22:00:08.647  INFO 1454 --- [XNIO-2 I/O-2] lavalink.server.io.SocketServer          : {"op":"voiceUpdate","guildId":"571062240279789611","sessionId":"50b8e870f849613bf3c713c64b7f44d2","event":{"token":"006cf9d84acbd0e8","guild_id":"571062240279789611","endpoint":"eu-central340.discord.gg:80"}}
